e:\dropbox\dropbox\hackdfw\face_detection\face_detection\x64\release\vc140.pdb
e:\dropbox\dropbox\hackdfw\face_detection\face_detection\x64\release\img_prepro.obj
e:\dropbox\dropbox\hackdfw\face_detection\face_detection\x64\release\gifimg.obj
e:\dropbox\dropbox\hackdfw\face_detection\face_detection\x64\release\drawdevice.obj
e:\dropbox\dropbox\hackdfw\face_detection\face_detection\x64\release\contentrendering.obj
e:\dropbox\dropbox\hackdfw\face_detection\face_detection\x64\release\com.obj
e:\dropbox\dropbox\hackdfw\face_detection\face_detection\x64\release\appconfig.obj
e:\dropbox\dropbox\hackdfw\face_detection\face_detection\x64\release\.netframework,version=v4.5.2.assemblyattributes.obj
e:\dropbox\dropbox\hackdfw\face_detection\face_detection\x64\release\.netframework,version=v4.5.2.assemblyattributes.asm
e:\dropbox\dropbox\hackdfw\face_detection\face_detection\x64\release\mainform.obj
e:\dropbox\dropbox\hackdfw\hackathondfw2019spring\face_detection\x64\release\vc140.pdb
e:\dropbox\dropbox\hackdfw\hackathondfw2019spring\face_detection\x64\release\mainform.obj
e:\dropbox\dropbox\hackdfw\hackathondfw2019spring\face_detection\x64\release\img_prepro.obj
e:\dropbox\dropbox\hackdfw\hackathondfw2019spring\face_detection\x64\release\gifimg.obj
e:\dropbox\dropbox\hackdfw\hackathondfw2019spring\face_detection\x64\release\drawdevice.obj
e:\dropbox\dropbox\hackdfw\hackathondfw2019spring\face_detection\x64\release\contentrendering.obj
e:\dropbox\dropbox\hackdfw\hackathondfw2019spring\face_detection\x64\release\com.obj
e:\dropbox\dropbox\hackdfw\hackathondfw2019spring\face_detection\x64\release\appconfig.obj
e:\dropbox\dropbox\hackdfw\face_detection\face_detection\x64\release\face_detection.mainform.resources
e:\dropbox\dropbox\hackdfw\hackathondfw2019spring\face_detection\x64\release\face_detection.mainform.resources
e:\dropbox\dropbox\hackdfw\face_detection\x64\release\face_detection.exe
e:\dropbox\dropbox\hackdfw\face_detection\x64\release\face_detection.pdb
e:\dropbox\dropbox\hackdfw\hackathondfw2019spring\x64\release\face_detection.exe
e:\dropbox\dropbox\hackdfw\hackathondfw2019spring\x64\release\face_detection.pdb
e:\dropbox\dropbox\hackdfw\hackathondfw2019spring\face_detection\x64\release\face_detection.vcxproj.generateresource.cache
e:\dropbox\dropbox\hackdfw\hackathondfw2019spring\face_detection\x64\release\face_detection.vcxprojresolveassemblyreference.cache
e:\dropbox\dropbox\hackdfw\hackathondfw2019spring\face_detection\x64\release\.netframework,version=v4.5.2.assemblyattributes.obj
e:\dropbox\dropbox\hackdfw\hackathondfw2019spring\face_detection\x64\release\face_detection.tlog\cl.command.1.tlog
e:\dropbox\dropbox\hackdfw\hackathondfw2019spring\face_detection\x64\release\face_detection.tlog\cl.read.1.tlog
e:\dropbox\dropbox\hackdfw\hackathondfw2019spring\face_detection\x64\release\face_detection.tlog\cl.write.1.tlog
e:\dropbox\dropbox\hackdfw\hackathondfw2019spring\face_detection\x64\release\face_detection.tlog\face_detection.write.1u.tlog
e:\dropbox\dropbox\hackdfw\hackathondfw2019spring\face_detection\x64\release\face_detection.tlog\link.command.1.tlog
e:\dropbox\dropbox\hackdfw\hackathondfw2019spring\face_detection\x64\release\face_detection.tlog\link.read.1.tlog
e:\dropbox\dropbox\hackdfw\hackathondfw2019spring\face_detection\x64\release\face_detection.tlog\link.write.1.tlog
e:\dropbox\dropbox\hackdfw\hackathondfw2019spring\face_detection\x64\release\face_detection.tlog\metagen.read.1.tlog
e:\dropbox\dropbox\hackdfw\hackathondfw2019spring\face_detection\x64\release\face_detection.tlog\metagen.write.1.tlog
e:\dropbox\dropbox\hackdfw\hackathondfw2019spring\face_detection\x64\release\face_detection.tlog\tzres.dll.bi
