d:\hackathondfw2019spring\hackathondfw2019spring\facerecognition\x64\debug\main.obj
d:\hackathondfw2019spring\hackathondfw2019spring\facerecognition\x64\debug\faceanalysis.obj
d:\hackathondfw2019spring\hackathondfw2019spring\facerecognition\x64\debug\moc_mythread.obj
d:\hackathondfw2019spring\hackathondfw2019spring\facerecognition\x64\debug\mythread.obj
d:\hackathondfw2019spring\hackathondfw2019spring\facerecognition\x64\debug\source.obj
d:\hackathondfw2019spring\hackathondfw2019spring\facerecognition\x64\debug\facedetection.obj
d:\hackathondfw2019spring\hackathondfw2019spring\facerecognition\x64\debug\vc141.pdb
d:\hackathondfw2019spring\hackathondfw2019spring\facerecognition\generatedfiles\debug\moc_mythread.cpp
d:\hackathondfw2019spring\hackathondfw2019spring\x64\debug\facerecognition.exe
d:\hackathondfw2019spring\hackathondfw2019spring\x64\debug\facerecognition.ilk
d:\hackathondfw2019spring\hackathondfw2019spring\x64\debug\facerecognition.pdb
d:\hackathondfw2019spring\hackathondfw2019spring\facerecognition\.\generatedfiles\debug\moc_mythread.cpp
d:\hackathondfw2019spring\hackathondfw2019spring\facerecognition\x64\debug\facerecognition.tlog\cl.10188.write.1.tlog
d:\hackathondfw2019spring\hackathondfw2019spring\facerecognition\x64\debug\facerecognition.tlog\cl.command.1.tlog
d:\hackathondfw2019spring\hackathondfw2019spring\facerecognition\x64\debug\facerecognition.tlog\cl.read.1.tlog
d:\hackathondfw2019spring\hackathondfw2019spring\facerecognition\x64\debug\facerecognition.tlog\facerecognition.write.1u.tlog
d:\hackathondfw2019spring\hackathondfw2019spring\facerecognition\x64\debug\facerecognition.tlog\link.command.1.tlog
d:\hackathondfw2019spring\hackathondfw2019spring\facerecognition\x64\debug\facerecognition.tlog\link.read.1.tlog
d:\hackathondfw2019spring\hackathondfw2019spring\facerecognition\x64\debug\facerecognition.tlog\link.write.1.tlog
d:\hackathondfw2019spring\hackathondfw2019spring\facerecognition\x64\debug\facerecognition.tlog\moc.read.1u.tlog
d:\hackathondfw2019spring\hackathondfw2019spring\facerecognition\x64\debug\facerecognition.tlog\moc.write.1u.tlog
