e:\facerecdlg-master_\facedlg\opensslproj\x64\debug\opensslproj.pch
e:\facerecdlg-master_\facedlg\opensslproj\x64\debug\opensslproj.pdb
e:\facerecdlg-master_\facedlg\opensslproj\x64\debug\opensslproj.idb
e:\facerecdlg-master_\facedlg\opensslproj\x64\debug\stdafx.obj
e:\facerecdlg-master_\facedlg\opensslproj\x64\debug\cloudclient.obj
e:\facerecdlg-master_\facedlg\opensslproj\x64\debug\securesocket.obj
e:\facerecdlg-master_\facedlg\opensslproj\x64\debug\socket.obj
e:\facerecdlg-master_\facedlg\opensslproj\x64\debug\tcpclient.obj
e:\facerecdlg-master_\facedlg\opensslproj\x64\debug\tcpserver.obj
e:\facerecdlg-master_\facedlg\opensslproj\x64\debug\tcpsslclient.obj
e:\facerecdlg-master_\facedlg\opensslproj\x64\debug\tcpsslserver.obj
e:\facerecdlg-master_\facedlg\x64\debug\opensslproj.lib
e:\dropbox\dropbox\hackdfw\facerec\facedlg\opensslproj\x64\debug\cloudclient.obj
e:\dropbox\dropbox\hackdfw\facerec\facedlg\opensslproj\x64\debug\securesocket.obj
e:\dropbox\dropbox\hackdfw\facerec\facedlg\opensslproj\x64\debug\socket.obj
e:\dropbox\dropbox\hackdfw\facerec\facedlg\opensslproj\x64\debug\stdafx.obj
e:\dropbox\dropbox\hackdfw\facerec\facedlg\opensslproj\x64\debug\tcpclient.obj
e:\dropbox\dropbox\hackdfw\facerec\facedlg\opensslproj\x64\debug\tcpserver.obj
e:\dropbox\dropbox\hackdfw\facerec\facedlg\opensslproj\x64\debug\tcpsslclient.obj
e:\dropbox\dropbox\hackdfw\facerec\facedlg\opensslproj\x64\debug\tcpsslserver.obj
e:\dropbox\dropbox\hackdfw\facerec\facedlg\opensslproj\x64\debug\opensslproj.pch
e:\dropbox\dropbox\hackdfw\facerec\facedlg\opensslproj\x64\debug\opensslproj.idb
e:\dropbox\dropbox\hackdfw\facerec\facedlg\opensslproj\x64\debug\opensslproj.pdb
e:\dropbox\dropbox\hackdfw\facerec\facedlg\x64\debug\opensslproj.pdb
e:\dropbox\dropbox\hackdfw\facerec\facedlg\x64\debug\opensslproj.lib
e:\dropbox\dropbox\hackdfw\facerec\facedlg\opensslproj\x64\debug\opensslproj.tlog\cl.command.1.tlog
e:\dropbox\dropbox\hackdfw\facerec\facedlg\opensslproj\x64\debug\opensslproj.tlog\cl.read.1.tlog
e:\dropbox\dropbox\hackdfw\facerec\facedlg\opensslproj\x64\debug\opensslproj.tlog\cl.write.1.tlog
e:\dropbox\dropbox\hackdfw\facerec\facedlg\opensslproj\x64\debug\opensslproj.tlog\lib-link.read.1.tlog
e:\dropbox\dropbox\hackdfw\facerec\facedlg\opensslproj\x64\debug\opensslproj.tlog\lib-link.write.1.tlog
e:\dropbox\dropbox\hackdfw\facerec\facedlg\opensslproj\x64\debug\opensslproj.tlog\lib.command.1.tlog
