e:\dropbox\dropbox\hackdfw\hackathondfw2019spring\face_detection\x64\debug\vc140.pdb
e:\dropbox\dropbox\hackdfw\hackathondfw2019spring\face_detection\x64\debug\mainform.obj
e:\dropbox\dropbox\hackdfw\hackathondfw2019spring\face_detection\x64\debug\gifimg.obj
e:\dropbox\dropbox\hackdfw\hackathondfw2019spring\face_detection\x64\debug\drawdevice.obj
e:\dropbox\dropbox\hackdfw\hackathondfw2019spring\face_detection\x64\debug\contentrendering.obj
e:\dropbox\dropbox\hackdfw\hackathondfw2019spring\face_detection\x64\debug\com.obj
e:\dropbox\dropbox\hackdfw\hackathondfw2019spring\face_detection\x64\debug\appconfig.obj
e:\dropbox\dropbox\hackdfw\hackathondfw2019spring\face_detection\x64\debug\.netframework,version=v4.5.2.assemblyattributes.obj
e:\dropbox\dropbox\hackdfw\hackathondfw2019spring\face_detection\x64\debug\.netframework,version=v4.5.2.assemblyattributes.asm
e:\dropbox\dropbox\hackdfw\hackathondfw2019spring\face_detection\x64\debug\face_detection.mainform.resources
e:\dropbox\dropbox\hackdfw\hackathondfw2019spring\x64\debug\face_detection.exe
e:\dropbox\dropbox\hackdfw\hackathondfw2019spring\x64\debug\face_detection.pdb
e:\dropbox\dropbox\hackdfw\hackathondfw2019spring\face_detection\x64\debug\face_detection.vcxproj.generateresource.cache
e:\dropbox\dropbox\hackdfw\hackathondfw2019spring\face_detection\x64\debug\face_detection.tlog\cl.command.1.tlog
e:\dropbox\dropbox\hackdfw\hackathondfw2019spring\face_detection\x64\debug\face_detection.tlog\cl.read.1.tlog
e:\dropbox\dropbox\hackdfw\hackathondfw2019spring\face_detection\x64\debug\face_detection.tlog\cl.write.1.tlog
e:\dropbox\dropbox\hackdfw\hackathondfw2019spring\face_detection\x64\debug\face_detection.tlog\face_detection.write.1u.tlog
e:\dropbox\dropbox\hackdfw\hackathondfw2019spring\face_detection\x64\debug\face_detection.tlog\link.command.1.tlog
e:\dropbox\dropbox\hackdfw\hackathondfw2019spring\face_detection\x64\debug\face_detection.tlog\link.read.1.tlog
e:\dropbox\dropbox\hackdfw\hackathondfw2019spring\face_detection\x64\debug\face_detection.tlog\link.write.1.tlog
e:\dropbox\dropbox\hackdfw\hackathondfw2019spring\face_detection\x64\debug\face_detection.tlog\metagen.read.1.tlog
e:\dropbox\dropbox\hackdfw\hackathondfw2019spring\face_detection\x64\debug\face_detection.tlog\metagen.write.1.tlog
e:\dropbox\dropbox\hackdfw\hackathondfw2019spring\face_detection\x64\debug\face_detection.tlog\tzres.dll.bi
