e:\facerecdlg-master_\facedlg\opensslproj\x64\release\opensslproj.pch
e:\facerecdlg-master_\facedlg\opensslproj\x64\release\opensslproj.pdb
e:\facerecdlg-master_\facedlg\opensslproj\x64\release\stdafx.obj
e:\facerecdlg-master_\facedlg\opensslproj\x64\release\tcpsslserver.obj
e:\facerecdlg-master_\facedlg\opensslproj\x64\release\tcpsslclient.obj
e:\facerecdlg-master_\facedlg\opensslproj\x64\release\tcpserver.obj
e:\facerecdlg-master_\facedlg\opensslproj\x64\release\tcpclient.obj
e:\facerecdlg-master_\facedlg\opensslproj\x64\release\socket.obj
e:\facerecdlg-master_\facedlg\opensslproj\x64\release\securesocket.obj
e:\facerecdlg-master_\facedlg\opensslproj\x64\release\cloudclient.obj
e:\facerecdlg-master_\facedlg\x64\release\opensslproj.lib
e:\dropbox\dropbox\hackdfw\facerec\facedlg\opensslproj\x64\release\cloudclient.obj
e:\dropbox\dropbox\hackdfw\facerec\facedlg\opensslproj\x64\release\securesocket.obj
e:\dropbox\dropbox\hackdfw\facerec\facedlg\opensslproj\x64\release\socket.obj
e:\dropbox\dropbox\hackdfw\facerec\facedlg\opensslproj\x64\release\stdafx.obj
e:\dropbox\dropbox\hackdfw\facerec\facedlg\opensslproj\x64\release\tcpclient.obj
e:\dropbox\dropbox\hackdfw\facerec\facedlg\opensslproj\x64\release\tcpserver.obj
e:\dropbox\dropbox\hackdfw\facerec\facedlg\opensslproj\x64\release\tcpsslclient.obj
e:\dropbox\dropbox\hackdfw\facerec\facedlg\opensslproj\x64\release\tcpsslserver.obj
e:\dropbox\dropbox\hackdfw\facerec\facedlg\opensslproj\x64\release\opensslproj.pch
e:\dropbox\dropbox\hackdfw\facerec\facedlg\opensslproj\x64\release\opensslproj.pdb
e:\dropbox\dropbox\hackdfw\facerec\facedlg\x64\release\opensslproj.lib
e:\dropbox\dropbox\hackdfw\facerec\facedlg\opensslproj\x64\release\opensslproj.tlog\cl.command.1.tlog
e:\dropbox\dropbox\hackdfw\facerec\facedlg\opensslproj\x64\release\opensslproj.tlog\cl.read.1.tlog
e:\dropbox\dropbox\hackdfw\facerec\facedlg\opensslproj\x64\release\opensslproj.tlog\cl.write.1.tlog
e:\dropbox\dropbox\hackdfw\facerec\facedlg\opensslproj\x64\release\opensslproj.tlog\lib-link.read.1.tlog
e:\dropbox\dropbox\hackdfw\facerec\facedlg\opensslproj\x64\release\opensslproj.tlog\lib-link.write.1.tlog
e:\dropbox\dropbox\hackdfw\facerec\facedlg\opensslproj\x64\release\opensslproj.tlog\lib.command.1.tlog
