c:\users\wii\source\repos\project2\project1\x64\debug\vc141.pdb
c:\users\wii\source\repos\project2\project1\x64\debug\vc141.idb
c:\users\wii\source\repos\project2\project1\x64\debug\tcpsslserver.obj
c:\users\wii\source\repos\project2\project1\x64\debug\tcpsslclient.obj
c:\users\wii\source\repos\project2\project1\x64\debug\tcpserver.obj
c:\users\wii\source\repos\project2\project1\x64\debug\tcpclient.obj
c:\users\wii\source\repos\project2\project1\x64\debug\source.obj
c:\users\wii\source\repos\project2\project1\x64\debug\socket.obj
c:\users\wii\source\repos\project2\project1\x64\debug\securesocket.obj
c:\users\wii\source\repos\project2\project1\x64\debug\cloudserver.obj
c:\users\wii\source\repos\project2\x64\debug\project1.exe
c:\users\wii\source\repos\project2\x64\debug\project1.ilk
c:\users\wii\source\repos\project2\x64\debug\project1.pdb
d:\hackathondfw2019spring\project1\x64\debug\cloudserver.obj
d:\hackathondfw2019spring\project1\x64\debug\securesocket.obj
d:\hackathondfw2019spring\project1\x64\debug\socket.obj
d:\hackathondfw2019spring\project1\x64\debug\source.obj
d:\hackathondfw2019spring\project1\x64\debug\tcpclient.obj
d:\hackathondfw2019spring\project1\x64\debug\tcpserver.obj
d:\hackathondfw2019spring\project1\x64\debug\tcpsslclient.obj
d:\hackathondfw2019spring\project1\x64\debug\tcpsslserver.obj
d:\hackathondfw2019spring\project1\x64\debug\vc141.idb
d:\hackathondfw2019spring\project1\x64\debug\vc141.pdb
d:\hackathondfw2019spring\x64\debug\project1.pdb
d:\hackathondfw2019spring\x64\debug\project1.exe
d:\hackathondfw2019spring\x64\debug\project1.ilk
d:\hackathondfw2019spring\project1\x64\debug\project1.tlog\cl.command.1.tlog
d:\hackathondfw2019spring\project1\x64\debug\project1.tlog\cl.read.1.tlog
d:\hackathondfw2019spring\project1\x64\debug\project1.tlog\cl.write.1.tlog
d:\hackathondfw2019spring\project1\x64\debug\project1.tlog\link.command.1.tlog
d:\hackathondfw2019spring\project1\x64\debug\project1.tlog\link.read.1.tlog
d:\hackathondfw2019spring\project1\x64\debug\project1.tlog\link.write.1.tlog
