e:\facerecdlg-master_\facedlg\facedlg\x64\debug\vc140.pdb
e:\facerecdlg-master_\facedlg\facedlg\x64\debug\thread.obj
e:\facerecdlg-master_\facedlg\facedlg\x64\debug\similarvectors.obj
e:\facerecdlg-master_\facedlg\facedlg\x64\debug\processthread.obj
e:\facerecdlg-master_\facedlg\facedlg\x64\debug\inputbox.obj
e:\facerecdlg-master_\facedlg\facedlg\x64\debug\img_prepro.obj
e:\facerecdlg-master_\facedlg\facedlg\x64\debug\facedlgdlg.obj
e:\facerecdlg-master_\facedlg\facedlg\x64\debug\facedlg.obj
e:\facerecdlg-master_\facedlg\facedlg\x64\debug\cvgabor.obj
e:\facerecdlg-master_\facedlg\facedlg\x64\debug\contentrendering.obj
e:\facerecdlg-master_\facedlg\facedlg\x64\debug\com.obj
e:\facerecdlg-master_\facedlg\facedlg\x64\debug\facerecognition.obj
e:\facerecdlg-master_\facedlg\facedlg\x64\debug\source.obj
e:\facerecdlg-master_\facedlg\facedlg\x64\debug\drawdevice.obj
e:\facerecdlg-master_\facedlg\facedlg\x64\debug\facedlg.pch
e:\facerecdlg-master_\facedlg\facedlg\x64\debug\stdafx.obj
e:\facerecdlg-master_\facedlg\x64\debug\facedlg.ilk
e:\facerecdlg-master_\facedlg\x64\debug\facedlg.exe
e:\facerecdlg-master_\facedlg\x64\debug\facedlg.pdb
e:\facerecdlg-master_\facedlg\facedlg\x64\debug\facedlg.res
e:\dropbox\dropbox\hackdfw\facerec\facedlg\facedlg\x64\debug\facedlg.vcxprojresolveassemblyreference.cache
e:\dropbox\dropbox\hackdfw\facerec\facedlg\facedlg\x64\debug\com.obj
e:\dropbox\dropbox\hackdfw\facerec\facedlg\facedlg\x64\debug\contentrendering.obj
e:\dropbox\dropbox\hackdfw\facerec\facedlg\facedlg\x64\debug\cvgabor.obj
e:\dropbox\dropbox\hackdfw\facerec\facedlg\facedlg\x64\debug\drawdevice.obj
e:\dropbox\dropbox\hackdfw\facerec\facedlg\facedlg\x64\debug\facedlg.obj
e:\dropbox\dropbox\hackdfw\facerec\facedlg\facedlg\x64\debug\facedlgdlg.obj
e:\dropbox\dropbox\hackdfw\facerec\facedlg\facedlg\x64\debug\facerecognition.obj
e:\dropbox\dropbox\hackdfw\facerec\facedlg\facedlg\x64\debug\img_prepro.obj
e:\dropbox\dropbox\hackdfw\facerec\facedlg\facedlg\x64\debug\inputbox.obj
e:\dropbox\dropbox\hackdfw\facerec\facedlg\facedlg\x64\debug\processthread.obj
e:\dropbox\dropbox\hackdfw\facerec\facedlg\facedlg\x64\debug\similarvectors.obj
e:\dropbox\dropbox\hackdfw\facerec\facedlg\facedlg\x64\debug\source.obj
e:\dropbox\dropbox\hackdfw\facerec\facedlg\facedlg\x64\debug\stdafx.obj
e:\dropbox\dropbox\hackdfw\facerec\facedlg\facedlg\x64\debug\thread.obj
e:\dropbox\dropbox\hackdfw\facerec\facedlg\facedlg\x64\debug\facedlg.res
e:\dropbox\dropbox\hackdfw\facerec\facedlg\facedlg\x64\debug\facedlg.pch
e:\dropbox\dropbox\hackdfw\facerec\facedlg\facedlg\x64\debug\vc140.pdb
e:\dropbox\dropbox\hackdfw\facerec\facedlg\x64\debug\facedlg.pdb
e:\dropbox\dropbox\hackdfw\facerec\facedlg\x64\debug\facedlg.exe
e:\dropbox\dropbox\hackdfw\facerec\facedlg\x64\debug\facedlg.ilk
e:\dropbox\dropbox\hackdfw\facerec\facedlg\facedlg\x64\debug\facedlg.tlog\cl.command.1.tlog
e:\dropbox\dropbox\hackdfw\facerec\facedlg\facedlg\x64\debug\facedlg.tlog\cl.read.1.tlog
e:\dropbox\dropbox\hackdfw\facerec\facedlg\facedlg\x64\debug\facedlg.tlog\cl.write.1.tlog
e:\dropbox\dropbox\hackdfw\facerec\facedlg\facedlg\x64\debug\facedlg.tlog\link.command.1.tlog
e:\dropbox\dropbox\hackdfw\facerec\facedlg\facedlg\x64\debug\facedlg.tlog\link.read.1.tlog
e:\dropbox\dropbox\hackdfw\facerec\facedlg\facedlg\x64\debug\facedlg.tlog\link.write.1.tlog
e:\dropbox\dropbox\hackdfw\facerec\facedlg\facedlg\x64\debug\facedlg.tlog\rc.command.1.tlog
e:\dropbox\dropbox\hackdfw\facerec\facedlg\facedlg\x64\debug\facedlg.tlog\rc.read.1.tlog
e:\dropbox\dropbox\hackdfw\facerec\facedlg\facedlg\x64\debug\facedlg.tlog\rc.write.1.tlog
