e:\dropbox\dropbox\hackdfw\face_detection\face_detection\debug\vc140.pdb
e:\dropbox\dropbox\hackdfw\face_detection\face_detection\debug\contentrendering.obj
e:\dropbox\dropbox\hackdfw\face_detection\face_detection\debug\drawdevice.obj
e:\dropbox\dropbox\hackdfw\face_detection\face_detection\debug\appconfig.obj
e:\dropbox\dropbox\hackdfw\face_detection\face_detection\debug\mainform.obj
e:\dropbox\dropbox\hackdfw\face_detection\face_detection\debug\com.obj
e:\dropbox\dropbox\hackdfw\face_detection\face_detection\debug\.netframework,version=v4.5.2.assemblyattributes.obj
e:\dropbox\dropbox\hackdfw\face_detection\face_detection\debug\.netframework,version=v4.5.2.assemblyattributes.asm
e:\dropbox\dropbox\hackdfw\face_detection\face_detection\debug\gifimg.obj
e:\dropbox\dropbox\hackdfw\face_detection\face_detection\debug\face_detection.mainform.resources
e:\dropbox\dropbox\hackdfw\face_detection\face_detection\debug\face_detection.vcxproj.generateresource.cache
e:\dropbox\dropbox\hackdfw\face_detection\face_detection\debug\face_detection.vcxprojresolveassemblyreference.cache
e:\dropbox\dropbox\hackdfw\face_detection\debug\face_detection.pdb
e:\dropbox\dropbox\hackdfw\face_detection\face_detection\debug\face_detection.tlog\cl.command.1.tlog
e:\dropbox\dropbox\hackdfw\face_detection\face_detection\debug\face_detection.tlog\cl.read.1.tlog
e:\dropbox\dropbox\hackdfw\face_detection\face_detection\debug\face_detection.tlog\cl.write.1.tlog
e:\dropbox\dropbox\hackdfw\face_detection\face_detection\debug\face_detection.tlog\face_detection.write.1u.tlog
e:\dropbox\dropbox\hackdfw\face_detection\face_detection\debug\face_detection.tlog\link.152912.48696-cvtres.read.1.tlog
e:\dropbox\dropbox\hackdfw\face_detection\face_detection\debug\face_detection.tlog\link.152912.48696-cvtres.write.1.tlog
e:\dropbox\dropbox\hackdfw\face_detection\face_detection\debug\face_detection.tlog\link.152912.48696-rc.read.1.tlog
e:\dropbox\dropbox\hackdfw\face_detection\face_detection\debug\face_detection.tlog\link.152912.48696-rc.write.1.tlog
e:\dropbox\dropbox\hackdfw\face_detection\face_detection\debug\face_detection.tlog\link.152912.48696.read.1.tlog
e:\dropbox\dropbox\hackdfw\face_detection\face_detection\debug\face_detection.tlog\link.152912.48696.write.1.tlog
e:\dropbox\dropbox\hackdfw\face_detection\face_detection\debug\face_detection.tlog\link.152912.read.1.tlog
e:\dropbox\dropbox\hackdfw\face_detection\face_detection\debug\face_detection.tlog\link.152912.write.1.tlog
e:\dropbox\dropbox\hackdfw\face_detection\face_detection\debug\face_detection.tlog\link.command.1.tlog
e:\dropbox\dropbox\hackdfw\face_detection\face_detection\debug\face_detection.tlog\link.read.1.tlog
e:\dropbox\dropbox\hackdfw\face_detection\face_detection\debug\face_detection.tlog\link.write.1.tlog
e:\dropbox\dropbox\hackdfw\face_detection\face_detection\debug\face_detection.tlog\metagen.read.1.tlog
e:\dropbox\dropbox\hackdfw\face_detection\face_detection\debug\face_detection.tlog\metagen.write.1.tlog
e:\dropbox\dropbox\hackdfw\face_detection\face_detection\debug\face_detection.tlog\tzres.dll.bi
