c:\users\wii\source\repos\project1\project1\debug\vc141.pdb
c:\users\wii\source\repos\project1\project1\debug\vc141.idb
c:\users\wii\source\repos\project1\project1\debug\tcpsslserver.obj
c:\users\wii\source\repos\project1\project1\debug\tcpsslclient.obj
c:\users\wii\source\repos\project1\project1\debug\tcpclient.obj
c:\users\wii\source\repos\project1\project1\debug\socket.obj
c:\users\wii\source\repos\project1\project1\debug\securesocket.obj
c:\users\wii\source\repos\project1\project1\debug\tcpserver.obj
c:\users\wii\source\repos\project1\project1\debug\source.obj
c:\users\wii\source\repos\project1\debug\project1.pdb
c:\users\wii\source\repos\project1\project1\debug\project1.tlog\cl.command.1.tlog
c:\users\wii\source\repos\project1\project1\debug\project1.tlog\cl.read.1.tlog
c:\users\wii\source\repos\project1\project1\debug\project1.tlog\cl.write.1.tlog
c:\users\wii\source\repos\project1\project1\debug\project1.tlog\link-cvtres.read.1.tlog
c:\users\wii\source\repos\project1\project1\debug\project1.tlog\link-cvtres.write.1.tlog
c:\users\wii\source\repos\project1\project1\debug\project1.tlog\link-rc.read.1.tlog
c:\users\wii\source\repos\project1\project1\debug\project1.tlog\link-rc.write.1.tlog
c:\users\wii\source\repos\project1\project1\debug\project1.tlog\link.259764-cvtres.read.1.tlog
c:\users\wii\source\repos\project1\project1\debug\project1.tlog\link.259764-cvtres.write.1.tlog
c:\users\wii\source\repos\project1\project1\debug\project1.tlog\link.259764-rc.read.1.tlog
c:\users\wii\source\repos\project1\project1\debug\project1.tlog\link.259764-rc.write.1.tlog
c:\users\wii\source\repos\project1\project1\debug\project1.tlog\link.259764.read.1.tlog
c:\users\wii\source\repos\project1\project1\debug\project1.tlog\link.259764.write.1.tlog
c:\users\wii\source\repos\project1\project1\debug\project1.tlog\link.command.1.tlog
c:\users\wii\source\repos\project1\project1\debug\project1.tlog\link.read.1.tlog
c:\users\wii\source\repos\project1\project1\debug\project1.tlog\link.write.1.tlog
