e:\facerecdlg-master_\facedlg\facedlg\x64\release\vc140.pdb
e:\facerecdlg-master_\facedlg\facedlg\x64\release\thread.obj
e:\facerecdlg-master_\facedlg\facedlg\x64\release\similarvectors.obj
e:\facerecdlg-master_\facedlg\facedlg\x64\release\processthread.obj
e:\facerecdlg-master_\facedlg\facedlg\x64\release\inputbox.obj
e:\facerecdlg-master_\facedlg\facedlg\x64\release\img_prepro.obj
e:\facerecdlg-master_\facedlg\facedlg\x64\release\facerecognition.obj
e:\facerecdlg-master_\facedlg\facedlg\x64\release\facedlgdlg.obj
e:\facerecdlg-master_\facedlg\facedlg\x64\release\facedlg.obj
e:\facerecdlg-master_\facedlg\facedlg\x64\release\cvgabor.obj
e:\facerecdlg-master_\facedlg\facedlg\x64\release\contentrendering.obj
e:\facerecdlg-master_\facedlg\facedlg\x64\release\com.obj
e:\facerecdlg-master_\facedlg\facedlg\x64\release\drawdevice.obj
e:\facerecdlg-master_\facedlg\facedlg\x64\release\source.obj
e:\facerecdlg-master_\facedlg\facedlg\x64\release\facedlg.pch
e:\facerecdlg-master_\facedlg\facedlg\x64\release\stdafx.obj
e:\facerecdlg-master_\facedlg\x64\release\facedlg.exe
e:\facerecdlg-master_\facedlg\x64\release\facedlg.ipdb
e:\facerecdlg-master_\facedlg\x64\release\facedlg.iobj
e:\facerecdlg-master_\facedlg\x64\release\facedlg.pdb
e:\facerecdlg-master_\facedlg\facedlg\x64\release\facedlg.res
e:\dropbox\dropbox\hackdfw\facerec\facedlg\facedlg\x64\release\facedlg.vcxprojresolveassemblyreference.cache
e:\dropbox\dropbox\hackdfw\facerec\facedlg\facedlg\x64\release\com.obj
e:\dropbox\dropbox\hackdfw\facerec\facedlg\facedlg\x64\release\contentrendering.obj
e:\dropbox\dropbox\hackdfw\facerec\facedlg\facedlg\x64\release\cvgabor.obj
e:\dropbox\dropbox\hackdfw\facerec\facedlg\facedlg\x64\release\drawdevice.obj
e:\dropbox\dropbox\hackdfw\facerec\facedlg\facedlg\x64\release\facedlg.obj
e:\dropbox\dropbox\hackdfw\facerec\facedlg\facedlg\x64\release\facedlgdlg.obj
e:\dropbox\dropbox\hackdfw\facerec\facedlg\facedlg\x64\release\facerecognition.obj
e:\dropbox\dropbox\hackdfw\facerec\facedlg\facedlg\x64\release\img_prepro.obj
e:\dropbox\dropbox\hackdfw\facerec\facedlg\facedlg\x64\release\inputbox.obj
e:\dropbox\dropbox\hackdfw\facerec\facedlg\facedlg\x64\release\processthread.obj
e:\dropbox\dropbox\hackdfw\facerec\facedlg\facedlg\x64\release\similarvectors.obj
e:\dropbox\dropbox\hackdfw\facerec\facedlg\facedlg\x64\release\source.obj
e:\dropbox\dropbox\hackdfw\facerec\facedlg\facedlg\x64\release\stdafx.obj
e:\dropbox\dropbox\hackdfw\facerec\facedlg\facedlg\x64\release\thread.obj
e:\dropbox\dropbox\hackdfw\facerec\facedlg\facedlg\x64\release\facedlg.res
e:\dropbox\dropbox\hackdfw\facerec\facedlg\facedlg\x64\release\facedlg.pch
e:\dropbox\dropbox\hackdfw\facerec\facedlg\facedlg\x64\release\vc140.pdb
e:\dropbox\dropbox\hackdfw\facerec\facedlg\x64\release\facedlg.pdb
e:\dropbox\dropbox\hackdfw\facerec\facedlg\x64\release\facedlg.exe
e:\dropbox\dropbox\hackdfw\facerec\facedlg\facedlg\x64\release\facedlg.tlog\cl.command.1.tlog
e:\dropbox\dropbox\hackdfw\facerec\facedlg\facedlg\x64\release\facedlg.tlog\cl.read.1.tlog
e:\dropbox\dropbox\hackdfw\facerec\facedlg\facedlg\x64\release\facedlg.tlog\cl.write.1.tlog
e:\dropbox\dropbox\hackdfw\facerec\facedlg\facedlg\x64\release\facedlg.tlog\link.command.1.tlog
e:\dropbox\dropbox\hackdfw\facerec\facedlg\facedlg\x64\release\facedlg.tlog\link.read.1.tlog
e:\dropbox\dropbox\hackdfw\facerec\facedlg\facedlg\x64\release\facedlg.tlog\link.write.1.tlog
e:\dropbox\dropbox\hackdfw\facerec\facedlg\facedlg\x64\release\facedlg.tlog\rc.command.1.tlog
e:\dropbox\dropbox\hackdfw\facerec\facedlg\facedlg\x64\release\facedlg.tlog\rc.read.1.tlog
e:\dropbox\dropbox\hackdfw\facerec\facedlg\facedlg\x64\release\facedlg.tlog\rc.write.1.tlog
